<?xml version="1.0" encoding="UTF-8"?>
<!-- Generated by org.testng.reporters.JUnitXMLReporter -->
<testsuite ignored="0" hostname="LAPTOP-K5P8UV8V" failures="1" tests="2" name="Test" time="51.878" errors="0" timestamp="2026-06-20T20:41:51 IST">
  <testcase classname="testCases.TC001_AccountRegistrationTest" name="verify_Account_Regstration" time="7.73"/>
  <testcase classname="testCases.TC002_LoginTest" name="verify_login" time="13.953">
    <failure type="java.lang.AssertionError" message="expected [true] but found [false]">
      <![CDATA[java.lang.AssertionError: expected [true] but found [false]
at testCases.TC002_LoginTest.verify_login(TC002_LoginTest.java:36)
at java.base/java.util.ArrayList.forEach(ArrayList.java:1596)
... Removed 29 stack frames]]>
    </failure>
  </testcase> <!-- verify_login -->
</testsuite> <!-- Test -->
