<?xml version="1.0" encoding="UTF-8"?>
<testng-results ignored="0" total="2" passed="2" failed="0" skipped="0">
  <reporter-output>
  </reporter-output>
  <suite started-at="2026-06-21T01:47:10 IST" name="Master Suite" finished-at="2026-06-21T01:47:53 IST" duration-ms="42673">
    <groups>
      <group name="Master">
        <method signature="TC001_AccountRegistrationTest.verify_Account_Regstration()[pri:0, instance:testCases.TC001_AccountRegistrationTest@7adda9cc]" name="verify_Account_Regstration" class="testCases.TC001_AccountRegistrationTest"/>
        <method signature="TC002_LoginTest.verify_login()[pri:0, instance:testCases.TC002_LoginTest@65466a6a]" name="verify_login" class="testCases.TC002_LoginTest"/>
      </group> <!-- Master -->
      <group name="Sanity">
        <method signature="TC002_LoginTest.verify_login()[pri:0, instance:testCases.TC002_LoginTest@65466a6a]" name="verify_login" class="testCases.TC002_LoginTest"/>
      </group> <!-- Sanity -->
      <group name="Regression">
        <method signature="TC001_AccountRegistrationTest.verify_Account_Regstration()[pri:0, instance:testCases.TC001_AccountRegistrationTest@7adda9cc]" name="verify_Account_Regstration" class="testCases.TC001_AccountRegistrationTest"/>
      </group> <!-- Regression -->
    </groups>
    <test started-at="2026-06-21T01:47:10 IST" name="Test" finished-at="2026-06-21T01:47:53 IST" duration-ms="42673">
      <class name="testCases.TC002_LoginTest">
        <test-method is-config="true" signature="setup(java.lang.String,java.lang.String)[pri:0, instance:testCases.TC002_LoginTest@65466a6a]" started-at="2026-06-21T01:47:38 IST" name="setup" finished-at="2026-06-21T01:47:46 IST" duration-ms="8063" status="PASS">
          <params>
            <param index="0">
              <value>
                <![CDATA[Windows]]>
              </value>
            </param>
            <param index="1">
              <value>
                <![CDATA[chrome]]>
              </value>
            </param>
          </params>
          <reporter-output>
          </reporter-output>
        </test-method> <!-- setup -->
        <test-method signature="verify_login()[pri:0, instance:testCases.TC002_LoginTest@65466a6a]" started-at="2026-06-21T01:47:46 IST" name="verify_login" finished-at="2026-06-21T01:47:51 IST" duration-ms="5004" status="PASS">
          <reporter-output>
          </reporter-output>
        </test-method> <!-- verify_login -->
        <test-method is-config="true" signature="tearDown()[pri:0, instance:testCases.TC002_LoginTest@65466a6a]" started-at="2026-06-21T01:47:51 IST" name="tearDown" finished-at="2026-06-21T01:47:53 IST" duration-ms="2100" status="PASS">
          <reporter-output>
          </reporter-output>
        </test-method> <!-- tearDown -->
      </class> <!-- testCases.TC002_LoginTest -->
      <class name="testCases.TC001_AccountRegistrationTest">
        <test-method is-config="true" signature="setup(java.lang.String,java.lang.String)[pri:0, instance:testCases.TC001_AccountRegistrationTest@7adda9cc]" started-at="2026-06-21T01:47:11 IST" name="setup" finished-at="2026-06-21T01:47:27 IST" duration-ms="15540" status="PASS">
          <params>
            <param index="0">
              <value>
                <![CDATA[Windows]]>
              </value>
            </param>
            <param index="1">
              <value>
                <![CDATA[chrome]]>
              </value>
            </param>
          </params>
          <reporter-output>
          </reporter-output>
        </test-method> <!-- setup -->
        <test-method signature="verify_Account_Regstration()[pri:0, instance:testCases.TC001_AccountRegistrationTest@7adda9cc]" started-at="2026-06-21T01:47:27 IST" name="verify_Account_Regstration" finished-at="2026-06-21T01:47:36 IST" duration-ms="9325" status="PASS">
          <reporter-output>
          </reporter-output>
        </test-method> <!-- verify_Account_Regstration -->
        <test-method is-config="true" signature="tearDown()[pri:0, instance:testCases.TC001_AccountRegistrationTest@7adda9cc]" started-at="2026-06-21T01:47:36 IST" name="tearDown" finished-at="2026-06-21T01:47:38 IST" duration-ms="1094" status="PASS">
          <reporter-output>
          </reporter-output>
        </test-method> <!-- tearDown -->
      </class> <!-- testCases.TC001_AccountRegistrationTest -->
    </test> <!-- Test -->
  </suite> <!-- Master Suite -->
</testng-results>
